Arguments: 
  C:\Program Files\nodejs\node.exe C:\Users\tatendaZw\AppData\Roaming\npm\node_modules\yarn\bin\yarn.js add express mongoose morgan helmet multer jsonwebtoken

PATH: 
  C:\Users\tatendaZw\bin;C:\Program Files\Git\mingw64\bin;C:\Program Files\Git\usr\local\bin;C:\Program Files\Git\usr\bin;C:\Program Files\Git\usr\bin;C:\Program Files\Git\mingw64\bin;C:\Program Files\Git\usr\bin;C:\Users\tatendaZw\bin;C:\Windows\system32;C:\Windows;C:\Windows\System32\Wbem;C:\Windows\System32\WindowsPowerShell\v1.0;C:\Windows\System32\OpenSSH;C:\Program Files\nodejs;C:\Program Files\Git\cmd;C:\Program Files\PostgreSQL\13\bin;C:\Users\tatendaZw\AppData\Local\Programs\Python\Python37-32\Scripts;C:\Users\tatendaZw\AppData\Local\Programs\Python\Python37-32;C:\Users\tatendaZw\AppData\Local\Microsoft\WindowsApps;C:\Users\tatendaZw\AppData\Local\Programs\Microsoft VS Code\bin;C:\Users\tatendaZw\AppData\Roaming\npm;C:\Program Files\heroku\bin;C:\Program Files\Git\usr\bin\vendor_perl;C:\Program Files\Git\usr\bin\core_perl

Yarn version: 
  1.22.10

Node version: 
  14.15.1

Platform: 
  win32 x64

Trace: 
  Error: getaddrinfo ENOTFOUND registry.yarnpkg.com
      at GetAddrInfoReqWrap.onlookup [as oncomplete] (dns.js:67:26)

npm manifest: 
  {
    "name": "express",
    "version": "1.0.0",
    "description": "",
    "main": "server.js",
    "scripts": {
      "test": "echo \"Error: no test specified\" && exit 1",
      "start": "node server.js"
    },
    "keywords": [],
    "author": "",
    "license": "ISC"
  }

yarn manifest: 
  No manifest

Lockfile: 
  No lockfile
